TN:
SF:C:\Users\USER\Desktop\projects\way_farer_main\way_farer_test\components\admin\controller.js
FN:10,(anonymous_0)
FN:23,(anonymous_1)
FN:36,(anonymous_2)
FNF:3
FNH:3
FNDA:1,(anonymous_0)
FNDA:1,(anonymous_1)
FNDA:2,(anonymous_2)
DA:10,1
DA:11,1
DA:12,1
DA:23,1
DA:24,1
DA:25,1
DA:36,1
DA:37,2
DA:38,2
DA:40,2
DA:44,2
DA:48,2
LF:12
LH:12
BRDA:40,0,0,1
BRDA:40,0,1,1
BRDA:51,1,0,1
BRDA:51,1,1,1
BRF:4
BRH:4
end_of_record
TN:
SF:C:\Users\USER\Desktop\projects\way_farer_main\way_farer_test\components\booking\model.js
FN:9,(anonymous_0)
FN:23,(anonymous_1)
FN:29,(anonymous_2)
FN:36,(anonymous_3)
FNF:4
FNH:0
FNDA:0,(anonymous_0)
FNDA:0,(anonymous_1)
FNDA:0,(anonymous_2)
FNDA:0,(anonymous_3)
DA:8,1
DA:10,0
DA:17,0
DA:20,0
DA:24,0
DA:25,0
DA:26,0
DA:30,0
DA:32,0
DA:33,0
DA:37,0
DA:41,0
DA:42,0
LF:13
LH:1
BRF:0
BRH:0
end_of_record
TN:
SF:C:\Users\USER\Desktop\projects\way_farer_main\way_farer_test\components\booking\validation.js
FN:10,(anonymous_0)
FNF:1
FNH:1
FNDA:1,(anonymous_0)
DA:10,1
DA:11,1
DA:12,1
DA:13,1
DA:15,1
DA:16,1
DA:18,1
DA:20,1
DA:22,1
DA:23,0
DA:24,0
DA:25,0
DA:26,0
DA:29,1
DA:36,0
LF:15
LH:10
BRDA:15,0,0,1
BRDA:15,0,1,0
BRDA:22,1,0,0
BRDA:22,1,1,1
BRF:4
BRH:2
end_of_record
TN:
SF:C:\Users\USER\Desktop\projects\way_farer_main\way_farer_test\components\bus\model.js
FN:9,(anonymous_0)
FN:29,(anonymous_1)
FN:36,(anonymous_2)
FN:41,(anonymous_3)
FNF:4
FNH:0
FNDA:0,(anonymous_0)
FNDA:0,(anonymous_1)
FNDA:0,(anonymous_2)
FNDA:0,(anonymous_3)
DA:8,1
DA:12,0
DA:13,0
DA:23,0
DA:26,0
DA:30,0
DA:32,0
DA:33,0
DA:37,0
DA:38,0
DA:39,0
DA:42,0
DA:46,0
DA:47,0
LF:14
LH:1
BRF:0
BRH:0
end_of_record
TN:
SF:C:\Users\USER\Desktop\projects\way_farer_main\way_farer_test\components\bus\validator.js
FN:51,(anonymous_0)
FN:58,(anonymous_1)
FN:59,(anonymous_2)
FN:93,(anonymous_3)
FNF:4
FNH:3
FNDA:2,(anonymous_0)
FNDA:2,(anonymous_1)
FNDA:0,(anonymous_2)
FNDA:1,(anonymous_3)
DA:7,1
DA:51,1
DA:53,2
DA:54,2
DA:56,2
DA:57,2
DA:58,2
DA:59,0
DA:61,2
DA:62,0
DA:63,0
DA:64,0
DA:66,0
DA:75,2
DA:93,1
DA:95,1
DA:96,1
DA:97,1
DA:98,1
DA:103,0
LF:20
LH:14
BRDA:61,0,0,0
BRDA:61,0,1,2
BRDA:63,1,0,0
BRDA:63,1,1,0
BRDA:68,2,0,0
BRDA:68,2,1,0
BRDA:69,3,0,0
BRDA:69,3,1,0
BRDA:77,4,0,0
BRDA:77,4,1,2
BRDA:78,5,0,0
BRDA:78,5,1,0
BRDA:97,6,0,1
BRDA:97,6,1,0
BRF:14
BRH:3
end_of_record
TN:
SF:C:\Users\USER\Desktop\projects\way_farer_main\way_farer_test\components\trip\model.js
FN:10,(anonymous_0)
FN:47,(anonymous_1)
FN:53,(anonymous_2)
FN:63,(anonymous_3)
FN:70,(anonymous_4)
FNF:5
FNH:0
FNDA:0,(anonymous_0)
FNDA:0,(anonymous_1)
FNDA:0,(anonymous_2)
FNDA:0,(anonymous_3)
FNDA:0,(anonymous_4)
DA:9,1
DA:13,0
DA:14,0
DA:15,0
DA:16,0
DA:17,0
DA:18,0
DA:19,0
DA:21,0
DA:33,0
DA:43,0
DA:44,0
DA:48,0
DA:49,0
DA:50,0
DA:54,0
DA:59,0
DA:60,0
DA:64,0
DA:66,0
DA:67,0
DA:71,0
DA:75,0
DA:76,0
LF:24
LH:1
BRF:0
BRH:0
end_of_record
TN:
SF:C:\Users\USER\Desktop\projects\way_farer_main\way_farer_test\components\trip\validator.js
FN:11,(anonymous_0)
FN:33,(anonymous_1)
FNF:2
FNH:2
FNDA:2,(anonymous_0)
FNDA:1,(anonymous_1)
DA:11,1
DA:12,2
DA:13,2
DA:14,1
DA:15,1
DA:16,1
DA:17,0
DA:18,0
DA:22,2
DA:33,1
DA:34,1
DA:35,1
DA:36,1
DA:40,0
DA:46,1
LF:15
LH:12
BRDA:12,0,0,2
BRDA:12,0,1,1
BRDA:13,1,0,1
BRDA:13,1,1,1
BRDA:16,2,0,0
BRDA:16,2,1,1
BRDA:35,3,0,1
BRDA:35,3,1,0
BRF:8
BRH:6
end_of_record
TN:
SF:C:\Users\USER\Desktop\projects\way_farer_main\way_farer_test\components\users\controller.js
FN:10,(anonymous_0)
FN:56,(anonymous_1)
FN:69,(anonymous_2)
FN:83,(anonymous_3)
FN:94,(anonymous_4)
FNF:5
FNH:5
FNDA:4,(anonymous_0)
FNDA:1,(anonymous_1)
FNDA:1,(anonymous_2)
FNDA:1,(anonymous_3)
FNDA:6,(anonymous_4)
DA:10,1
DA:11,4
DA:12,4
DA:13,1
DA:14,1
DA:15,1
DA:20,0
DA:25,3
DA:26,1
DA:27,1
DA:28,1
DA:33,0
DA:38,2
DA:39,2
DA:40,1
DA:45,1
DA:56,1
DA:57,1
DA:58,1
DA:69,1
DA:70,1
DA:71,1
DA:72,1
DA:83,1
DA:88,1
DA:91,1
DA:93,1
DA:94,6
DA:96,1
DA:98,1
DA:104,1
DA:106,1
DA:119,1
LF:33
LH:31
BRDA:12,0,0,1
BRDA:12,0,1,3
BRDA:14,1,0,1
BRDA:14,1,1,0
BRDA:25,2,0,1
BRDA:25,2,1,2
BRDA:27,3,0,1
BRDA:27,3,1,0
BRDA:39,4,0,1
BRDA:39,4,1,1
BRF:10
BRH:8
end_of_record
TN:
SF:C:\Users\USER\Desktop\projects\way_farer_main\way_farer_test\components\users\model.js
FN:17,(anonymous_0)
FN:59,(anonymous_1)
FNF:2
FNH:0
FNDA:0,(anonymous_0)
FNDA:0,(anonymous_1)
DA:16,1
DA:20,0
DA:22,0
DA:42,0
DA:44,0
DA:56,0
DA:60,0
DA:62,0
DA:63,0
LF:9
LH:1
BRF:0
BRH:0
end_of_record
TN:
SF:C:\Users\USER\Desktop\projects\way_farer_main\way_farer_test\components\users\validator.js
FN:82,(anonymous_0)
FN:101,(anonymous_1)
FN:133,(anonymous_2)
FNF:3
FNH:2
FNDA:1,(anonymous_0)
FNDA:2,(anonymous_1)
FNDA:0,(anonymous_2)
DA:8,1
DA:59,1
DA:82,1
DA:83,1
DA:84,1
DA:85,1
DA:86,1
DA:91,0
DA:101,1
DA:102,2
DA:103,2
DA:104,2
DA:106,2
DA:107,1
DA:108,1
DA:111,1
DA:112,1
DA:117,0
DA:118,0
DA:120,1
DA:133,1
DA:134,0
DA:135,0
DA:137,0
DA:140,0
DA:141,0
DA:142,0
DA:143,0
DA:144,0
DA:145,0
DA:146,0
DA:148,0
LF:32
LH:18
BRDA:85,0,0,1
BRDA:85,0,1,0
BRDA:106,1,0,1
BRDA:106,1,1,1
BRDA:108,2,0,1
BRDA:108,2,1,0
BRDA:111,3,0,1
BRDA:111,3,1,0
BRDA:137,4,0,0
BRDA:137,4,1,0
BRF:10
BRH:5
end_of_record
TN:
SF:C:\Users\USER\Desktop\projects\way_farer_main\way_farer_test\database\config.js
FNF:0
FNH:0
DA:3,1
LF:1
LH:1
BRF:0
BRH:0
end_of_record
TN:
SF:C:\Users\USER\Desktop\projects\way_farer_main\way_farer_test\database\index.js
FN:81,(anonymous_0)
FN:119,(anonymous_1)
FN:139,(anonymous_2)
FN:149,(anonymous_3)
FNF:4
FNH:0
FNDA:0,(anonymous_0)
FNDA:0,(anonymous_1)
FNDA:0,(anonymous_2)
FNDA:0,(anonymous_3)
DA:7,1
DA:9,1
DA:15,1
DA:29,1
DA:41,1
DA:54,1
DA:62,1
DA:81,1
DA:84,0
DA:86,0
DA:98,0
DA:100,0
DA:119,1
DA:120,0
DA:121,0
DA:123,0
DA:139,1
DA:140,0
DA:149,1
DA:150,0
DA:151,0
LF:21
LH:11
BRF:0
BRH:0
end_of_record
TN:
SF:C:\Users\USER\Desktop\projects\way_farer_main\way_farer_test\tests\test.data.js
FN:4,(anonymous_0)
FN:20,(anonymous_1)
FN:21,(anonymous_2)
FN:112,(anonymous_3)
FN:113,(anonymous_4)
FNF:5
FNH:0
FNDA:0,(anonymous_0)
FNDA:0,(anonymous_1)
FNDA:0,(anonymous_2)
FNDA:0,(anonymous_3)
FNDA:0,(anonymous_4)
DA:4,1
DA:9,1
DA:19,1
DA:32,1
DA:41,1
DA:50,1
DA:57,1
DA:64,1
DA:71,1
DA:86,1
DA:92,1
DA:99,1
DA:111,1
DA:116,1
DA:125,1
DA:153,1
DA:160,1
DA:175,1
DA:184,1
LF:19
LH:19
BRF:0
BRH:0
end_of_record
TN:
SF:C:\Users\USER\Desktop\projects\way_farer_main\way_farer_test\utils\index.js
FN:13,(anonymous_0)
FN:25,(anonymous_1)
FN:37,(anonymous_2)
FN:44,(anonymous_3)
FN:53,(anonymous_4)
FN:81,(anonymous_5)
FN:91,(anonymous_6)
FNF:7
FNH:0
FNDA:0,(anonymous_0)
FNDA:0,(anonymous_1)
FNDA:0,(anonymous_2)
FNDA:0,(anonymous_3)
FNDA:0,(anonymous_4)
FNDA:0,(anonymous_5)
FNDA:0,(anonymous_6)
DA:6,1
DA:13,1
DA:14,0
DA:15,0
DA:25,1
DA:26,0
DA:27,0
DA:28,0
DA:37,1
DA:44,1
DA:53,1
DA:54,0
DA:58,0
DA:59,0
DA:60,0
DA:61,0
DA:62,0
DA:63,0
DA:64,0
DA:67,0
DA:70,0
DA:81,1
DA:91,1
DA:92,0
DA:93,0
DA:94,0
DA:95,0
DA:97,0
DA:98,0
DA:100,0
LF:30
LH:8
BRDA:54,0,0,0
BRDA:54,0,1,0
BRDA:54,0,2,0
BRDA:58,1,0,0
BRDA:58,1,1,0
BRDA:59,2,0,0
BRDA:59,2,1,0
BRDA:62,3,0,0
BRDA:62,3,1,0
BRDA:97,4,0,0
BRDA:97,4,1,0
BRF:11
BRH:0
end_of_record
