TN:
SF:C:\Users\USER\Desktop\projects\way_farer - Copy\components\users\controller.js
FN:7,(anonymous_0)
FN:16,(anonymous_1)
FNF:2
FNH:1
FNDA:0,(anonymous_0)
FNDA:8,(anonymous_1)
DA:7,1
DA:8,0
DA:16,1
DA:17,8
DA:18,8
LF:5
LH:4
BRF:0
BRH:0
end_of_record
TN:
SF:C:\Users\USER\Desktop\projects\way_farer - Copy\components\users\model.js
FN:17,(anonymous_0)
FN:59,(anonymous_1)
FNF:2
FNH:0
FNDA:0,(anonymous_0)
FNDA:0,(anonymous_1)
DA:16,1
DA:20,0
DA:22,0
DA:42,0
DA:44,0
DA:56,0
DA:60,0
DA:61,0
DA:62,0
LF:9
LH:1
BRF:0
BRH:0
end_of_record
TN:
SF:C:\Users\USER\Desktop\projects\way_farer - Copy\components\users\test.data.js
FN:4,(anonymous_0)
FN:5,(anonymous_1)
FNF:2
FNH:0
FNDA:0,(anonymous_0)
FNDA:0,(anonymous_1)
DA:1,1
DA:3,1
DA:5,0
DA:8,1
LF:4
LH:3
BRF:0
BRH:0
end_of_record
TN:
SF:C:\Users\USER\Desktop\projects\way_farer - Copy\components\users\test.js
FN:15,(anonymous_0)
FN:16,(anonymous_1)
FN:22,(anonymous_2)
FN:26,(anonymous_3)
FN:31,(anonymous_4)
FN:32,(anonymous_5)
FN:36,(anonymous_6)
FN:40,(anonymous_7)
FN:44,(anonymous_8)
FN:48,(anonymous_9)
FN:54,(anonymous_10)
FN:58,(anonymous_11)
FN:62,(anonymous_12)
FN:66,(anonymous_13)
FNF:14
FNH:14
FNDA:1,(anonymous_0)
FNDA:1,(anonymous_1)
FNDA:1,(anonymous_2)
FNDA:8,(anonymous_3)
FNDA:1,(anonymous_4)
FNDA:1,(anonymous_5)
FNDA:1,(anonymous_6)
FNDA:1,(anonymous_7)
FNDA:1,(anonymous_8)
FNDA:1,(anonymous_9)
FNDA:1,(anonymous_10)
FNDA:1,(anonymous_11)
FNDA:1,(anonymous_12)
FNDA:1,(anonymous_13)
DA:8,1
DA:9,1
DA:11,1
DA:13,1
DA:15,1
DA:16,1
DA:17,1
DA:18,1
DA:19,1
DA:22,1
DA:23,1
DA:26,1
DA:27,8
DA:28,8
DA:31,1
DA:32,1
DA:33,1
DA:36,1
DA:37,1
DA:40,1
DA:41,1
DA:44,1
DA:45,1
DA:48,1
DA:49,1
DA:54,1
DA:55,1
DA:58,1
DA:59,1
DA:62,1
DA:63,1
DA:66,1
LF:32
LH:32
BRF:0
BRH:0
end_of_record
TN:
SF:C:\Users\USER\Desktop\projects\way_farer - Copy\database\config.js
FNF:0
FNH:0
DA:3,1
LF:1
LH:1
BRF:0
BRH:0
end_of_record
TN:
SF:C:\Users\USER\Desktop\projects\way_farer - Copy\database\index.js
FN:76,(anonymous_0)
FN:88,(anonymous_1)
FN:98,(anonymous_2)
FNF:3
FNH:0
FNDA:0,(anonymous_0)
FNDA:0,(anonymous_1)
FNDA:0,(anonymous_2)
DA:6,1
DA:8,1
DA:13,1
DA:27,1
DA:38,1
DA:55,1
DA:63,1
DA:76,1
DA:77,0
DA:78,0
DA:88,1
DA:89,0
DA:98,1
DA:99,0
DA:100,0
LF:15
LH:10
BRF:0
BRH:0
end_of_record
TN:
SF:C:\Users\USER\Desktop\projects\way_farer - Copy\utils\index.js
FN:12,(anonymous_0)
FN:24,(anonymous_1)
FN:36,(anonymous_2)
FN:43,(anonymous_3)
FNF:4
FNH:0
FNDA:0,(anonymous_0)
FNDA:0,(anonymous_1)
FNDA:0,(anonymous_2)
FNDA:0,(anonymous_3)
DA:5,1
DA:12,1
DA:13,0
DA:14,0
DA:24,1
DA:25,0
DA:26,0
DA:27,0
DA:36,1
DA:43,1
LF:10
LH:5
BRF:0
BRH:0
end_of_record
